<?xml version="1.0" encoding="UTF-8"?>
<!-- Generated by org.testng.reporters.JUnitReportReporter -->
<testsuite hostname="HTSPC91" name="Selenium.Testngframework.TestngAnnotations" tests="2" failures="0" timestamp="16 Apr 2019 09:04:35 GMT" time="0.004" errors="0">
  <testcase name="gettitle" time="0.001" classname="Selenium.Testngframework.TestngAnnotations"/>
  <testcase name="newcompany" time="0.003" classname="Selenium.Testngframework.TestngAnnotations"/>
</testsuite> <!-- Selenium.Testngframework.TestngAnnotations -->
