<?xml version="1.0" encoding="UTF-8"?>
<!-- Generated by org.testng.reporters.JUnitReportReporter -->
<testsuite hostname="HTSPC91" name="Selenium.Testngframework.TestngFearture" tests="3" failures="0" timestamp="2 May 2019 12:42:51 GMT" time="0.016" errors="0">
  <testcase name="FundTransfer" time="0.016" classname="Selenium.Testngframework.TestngFearture"/>
  <testcase name="bill" time="0.000" classname="Selenium.Testngframework.TestngFearture"/>
  <testcase name="search" time="0.000" classname="Selenium.Testngframework.TestngFearture"/>
</testsuite> <!-- Selenium.Testngframework.TestngFearture -->
