<?xml version="1.0" encoding="UTF-8"?>
<!-- Generated by org.testng.reporters.JUnitReportReporter -->
<testsuite hostname="HTSPC91" name="Selenium.Testngframework.TestngFearture" tests="2" failures="0" timestamp="16 Apr 2019 09:04:35 GMT" time="0.047" errors="0">
  <testcase name="loginurl" time="0.031" classname="Selenium.Testngframework.TestngFearture"/>
  <testcase name="homepage" time="0.016" classname="Selenium.Testngframework.TestngFearture"/>
</testsuite> <!-- Selenium.Testngframework.TestngFearture -->
